<?xml version="1.0" encoding="UTF-8"?>
<!-- Generated by org.testng.reporters.JUnitReportReporter -->
<testsuite skipped="1" hostname="Lenovo" name="com.app.test.ProductPageTest" tests="4" failures="0" timestamp="11 Mar 2022 04:15:27 GMT" time="27.832" errors="0">
  <testcase name="verifyProductDscriptionIsDisplayed" time="9.783" classname="com.app.test.ProductPageTest"/>
  <testcase name="addAndVerifyCart" time="12.241" classname="com.app.test.ProductPageTest"/>
  <testcase name="verifyShareTweet" time="5.808" classname="com.app.test.ProductPageTest"/>
  <testcase name="verifyCount" classname="com.app.test.ProductPageTest">
    <skipped/>
  </testcase> <!-- verifyCount -->
</testsuite> <!-- com.app.test.ProductPageTest -->
